<?xml version="1.0" encoding="UTF-8"?>
<!-- Generated by org.testng.reporters.JUnitXMLReporter -->
<testsuite hostname="btm-faculty-PC" ignored="2" name="TestGC" tests="1" failures="0" timestamp="14 Dec 2017 03:53:16 GMT" time="8.024" errors="0">
  <testcase name="testValidLogin" time="3.565" classname="script.ValidLogin"/>
  <testcase name="testInvalidLogin" time="0.0" classname="script.InvalidLogin">
    <ignored/>
  </testcase> <!-- testInvalidLogin -->
  <testcase name="testCheckProductVersion" time="0.0" classname="script.CheckProductVersion">
    <ignored/>
  </testcase> <!-- testCheckProductVersion -->
</testsuite> <!-- TestGC -->
