<?xml version="1.0" encoding="UTF-8"?>
<!-- Generated by org.testng.reporters.JUnitXMLReporter -->
<testsuite hostname="btm-faculty-PC" ignored="0" name="TestFF" tests="4" failures="1" timestamp="15 Dec 2017 04:09:13 GMT" time="85.432" errors="0">
  <testcase name="@AfterMethod closeApplication" time="0.0" classname="generic.BaseTest">
    <failure type="java.lang.NoClassDefFoundError" message="org/apache/commons/io/FileUtils">
      <![CDATA[java.lang.NoClassDefFoundError: org/apache/commons/io/FileUtils
	at generic.AUL.takePhoto(AUL.java:34)
	at generic.BaseTest.closeApplication(BaseTest.java:46)
	at java.util.concurrent.FutureTask.run(Unknown Source)
	at java.util.concurrent.ThreadPoolExecutor.runWorker(Unknown Source)
	at java.util.concurrent.ThreadPoolExecutor$Worker.run(Unknown Source)
	at java.lang.Thread.run(Unknown Source)
... Removed 18 stack frames]]>
    </failure>
  </testcase> <!-- @AfterMethod closeApplication -->
  <testcase name="testGrid" time="10.261" classname="script.GridDemo"/>
  <testcase name="testValidLogin" time="0.0" classname="script.ValidLogin">
    <failure type="java.lang.NoClassDefFoundError" message="org/apache/poi/ss/usermodel/Workbook">
      <![CDATA[java.lang.NoClassDefFoundError: org/apache/poi/ss/usermodel/Workbook
	at generic.Excel.getCellValue(Excel.java:11)
	at script.ValidLogin.testValidLogin(ValidLogin.java:12)
	at java.util.concurrent.FutureTask.run(Unknown Source)
	at java.util.concurrent.ThreadPoolExecutor.runWorker(Unknown Source)
	at java.util.concurrent.ThreadPoolExecutor$Worker.run(Unknown Source)
	at java.lang.Thread.run(Unknown Source)
Caused by: java.lang.ClassNotFoundException: org.apache.poi.ss.usermodel.Workbook
	at java.net.URLClassLoader.findClass(Unknown Source)
	at java.lang.ClassLoader.loadClass(Unknown Source)
	at sun.misc.Launcher$AppClassLoader.loadClass(Unknown Source)
	at java.lang.ClassLoader.loadClass(Unknown Source)
	... 22 more
... Removed 16 stack frames]]>
    </failure>
  </testcase> <!-- testValidLogin -->
  <testcase name="testInvalidLogin" time="0.0" classname="script.InvalidLogin">
    <skipped/>
  </testcase> <!-- testInvalidLogin -->
  <testcase name="testCheckProductVersion" time="0.0" classname="script.CheckProductVersion">
    <skipped/>
  </testcase> <!-- testCheckProductVersion -->
</testsuite> <!-- TestFF -->
