<?xml version="1.0" encoding="UTF-8"?>
<!-- Generated by org.testng.reporters.JUnitXMLReporter -->
<testsuite hostname="btm-faculty-PC" ignored="0" name="TestGC" tests="4" failures="2" timestamp="21 Dec 2017 02:37:24 GMT" time="258.163" errors="0">
  <testcase name="testGrid" time="12.312" classname="script.GridDemo"/>
  <testcase name="testValidLogin" time="7.33" classname="script.ValidLogin"/>
  <testcase name="testInvalidLogin" time="0.021" classname="script.InvalidLogin">
    <failure type="java.lang.NoClassDefFoundError" message="org/apache/poi/ss/usermodel/Workbook">
      <![CDATA[java.lang.NoClassDefFoundError: org/apache/poi/ss/usermodel/Workbook
	at generic.Excel.getRowCount(Excel.java:22)
	at script.InvalidLogin.testInvalidLogin(InvalidLogin.java:12)
	at java.util.concurrent.FutureTask.run(FutureTask.java:266)
	at java.util.concurrent.ThreadPoolExecutor.runWorker(ThreadPoolExecutor.java:1142)
	at java.util.concurrent.ThreadPoolExecutor$Worker.run(ThreadPoolExecutor.java:617)
	at java.lang.Thread.run(Thread.java:748)
Caused by: java.lang.ClassNotFoundException: org.apache.poi.ss.usermodel.Workbook
	at java.net.URLClassLoader.findClass(URLClassLoader.java:381)
	at java.lang.ClassLoader.loadClass(ClassLoader.java:424)
	at sun.misc.Launcher$AppClassLoader.loadClass(Launcher.java:335)
	at java.lang.ClassLoader.loadClass(ClassLoader.java:357)
	... 22 more
... Removed 16 stack frames]]>
    </failure>
  </testcase> <!-- testInvalidLogin -->
  <testcase name="testCheckProductVersion" time="0.001" classname="script.CheckProductVersion">
    <failure type="java.lang.NoClassDefFoundError" message="org/apache/poi/ss/usermodel/Workbook">
      <![CDATA[java.lang.NoClassDefFoundError: org/apache/poi/ss/usermodel/Workbook
	at generic.Excel.getCellValue(Excel.java:11)
	at script.CheckProductVersion.testCheckProductVersion(CheckProductVersion.java:14)
	at java.util.concurrent.FutureTask.run(FutureTask.java:266)
	at java.util.concurrent.ThreadPoolExecutor.runWorker(ThreadPoolExecutor.java:1142)
	at java.util.concurrent.ThreadPoolExecutor$Worker.run(ThreadPoolExecutor.java:617)
	at java.lang.Thread.run(Thread.java:748)
Caused by: java.lang.ClassNotFoundException: org.apache.poi.ss.usermodel.Workbook
	at java.net.URLClassLoader.findClass(URLClassLoader.java:381)
	at java.lang.ClassLoader.loadClass(ClassLoader.java:424)
	at sun.misc.Launcher$AppClassLoader.loadClass(Launcher.java:335)
	at java.lang.ClassLoader.loadClass(ClassLoader.java:357)
	... 22 more
... Removed 16 stack frames]]>
    </failure>
  </testcase> <!-- testCheckProductVersion -->
</testsuite> <!-- TestGC -->
