<?xml version="1.0" encoding="UTF-8"?>
<testng-results ignored="0" total="1" passed="1" failed="0" skipped="0">
  <reporter-output>
    <line>
      <![CDATA[Title is Matching]]>
    </line>
  </reporter-output>
  <suite started-at="2020-04-02T07:43:29Z" name="Suite" finished-at="2020-04-02T07:44:07Z" duration-ms="37824">
    <groups>
      <group name="smoke">
        <method signature="ValidLogin.testValidLogin()[pri:1, instance:script.ValidLogin@646be2c3]" name="testValidLogin" class="script.ValidLogin"/>
      </group> <!-- smoke -->
      <group name="login">
        <method signature="ValidLogin.testValidLogin()[pri:1, instance:script.ValidLogin@646be2c3]" name="testValidLogin" class="script.ValidLogin"/>
      </group> <!-- login -->
    </groups>
    <test started-at="2020-04-02T07:43:29Z" name="TestGC" finished-at="2020-04-02T07:44:07Z" duration-ms="37824">
      <class name="script.ValidLogin">
        <test-method is-config="true" signature="openApplication(java.lang.String, java.lang.String)[pri:0, instance:script.ValidLogin@646be2c3]" started-at="2020-04-02T13:13:29Z" name="openApplication" finished-at="2020-04-02T13:13:59Z" duration-ms="29831" status="PASS">
          <params>
            <param index="0">
              <value>
                <![CDATA[chrome]]>
              </value>
            </param>
            <param index="1">
              <value>
                <![CDATA[localhost]]>
              </value>
            </param>
          </params>
          <reporter-output>
          </reporter-output>
        </test-method> <!-- openApplication -->
        <test-method signature="testValidLogin()[pri:1, instance:script.ValidLogin@646be2c3]" started-at="2020-04-02T13:13:59Z" name="testValidLogin" finished-at="2020-04-02T13:14:07Z" duration-ms="7752" status="PASS">
          <reporter-output>
            <line>
              <![CDATA[Title is Matching]]>
            </line>
          </reporter-output>
        </test-method> <!-- testValidLogin -->
        <test-method is-config="true" signature="closeApplication(org.testng.ITestResult)[pri:0, instance:script.ValidLogin@646be2c3]" started-at="2020-04-02T13:14:07Z" name="closeApplication" finished-at="2020-04-02T13:14:07Z" duration-ms="208" status="PASS">
          <params>
            <param index="0">
              <value>
                <![CDATA[[TestResult name=testValidLogin status=SUCCESS method=ValidLogin.testValidLogin()[pri:1, instance:script.ValidLogin@646be2c3] output=Title is Matching]]]>
              </value>
            </param>
          </params>
          <reporter-output>
          </reporter-output>
        </test-method> <!-- closeApplication -->
      </class> <!-- script.ValidLogin -->
    </test> <!-- TestGC -->
  </suite> <!-- Suite -->
</testng-results>
