<?xml version="1.0" encoding="UTF-8"?>
<testng-results skipped="0" failed="0" ignored="0" total="1" passed="1">
  <reporter-output>
  </reporter-output>
  <suite name="Default suite" duration-ms="8556" started-at="2017-12-15T04:12:50Z" finished-at="2017-12-15T04:12:59Z">
    <groups>
    </groups>
    <test name="Default test" duration-ms="8556" started-at="2017-12-15T04:12:50Z" finished-at="2017-12-15T04:12:59Z">
      <class name="script.GridDemo">
        <test-method status="PASS" signature="testGrid()[pri:0, instance:script.GridDemo@6f7fd0e6]" name="testGrid" duration-ms="8517" started-at="2017-12-15T09:42:50Z" finished-at="2017-12-15T09:42:59Z">
          <reporter-output>
          </reporter-output>
        </test-method> <!-- testGrid -->
      </class> <!-- script.GridDemo -->
    </test> <!-- Default test -->
  </suite> <!-- Default suite -->
</testng-results>
